<?xml version="1.0" encoding="UTF-8" ?>
<testsuite 
errors="0" failures="2" hostname="tormund" name="fr.smile.Exo3Spec" tests="2" time="0.777" timestamp="2019-10-28T21:44:53">
  <properties>
    <property name="java.runtime.name" value="OpenJDK Runtime Environment"/>
    <property 
    name="sun.boot.library.path" value="/usr/lib/jvm/java-8-openjdk-amd64/jre/lib/amd64">
</property>
    <property name="java.vm.version" value="25.222-b10"/>
    <property name="java.vm.vendor" value="Private Build"/>
    <property name="java.vendor.url" value="http://java.oracle.com/"/>
    <property name="path.separator" value=":"/>
    <property name="java.vm.name" value="OpenJDK 64-Bit Server VM"/>
    <property name="file.encoding.pkg" value="sun.io"/>
    <property name="user.country" value="US"/>
    <property name="sun.java.launcher" value="SUN_STANDARD"/>
    <property name="sun.os.patch.level" value="unknown"/>
    <property 
    name="java.vm.specification.name" value="Java Virtual Machine Specification">
</property>
    <property 
    name="user.dir" value="/home/qnambot/Documents/workshops/smile-scala-spark/formation-smile-scala-spark/spark">
</property>
    <property 
    name="java.runtime.version" value="1.8.0_222-8u222-b10-1ubuntu1~18.04.1-b10">
</property>
    <property 
    name="java.awt.graphicsenv" value="sun.awt.X11GraphicsEnvironment">
</property>
    <property 
    name="basedir" value="/home/qnambot/Documents/workshops/smile-scala-spark/formation-smile-scala-spark/spark">
</property>
    <property 
    name="java.endorsed.dirs" value="/usr/lib/jvm/java-8-openjdk-amd64/jre/lib/endorsed">
</property>
    <property name="os.arch" value="amd64"/>
    <property name="java.io.tmpdir" value="/tmp"/>
    <property name="line.separator" value=" "/>
    <property name="java.vm.specification.vendor" value="Oracle Corporation"/>
    <property name="os.name" value="Linux"/>
    <property name="sun.jnu.encoding" value="UTF-8"/>
    <property 
    name="java.library.path" value="/usr/java/packages/lib/amd64:/usr/lib/x86_64-linux-gnu/jni:/lib/x86_64-linux-gnu:/usr/lib/x86_64-linux-gnu:/usr/lib/jni:/lib:/usr/lib">
</property>
    <property 
    name="java.specification.name" value="Java Platform API Specification">
</property>
    <property name="java.class.version" value="52.0"/>
    <property 
    name="sun.management.compiler" value="HotSpot 64-Bit Tiered Compilers">
</property>
    <property name="os.version" value="4.15.0-65-generic"/>
    <property name="user.home" value="/home/qnambot"/>
    <property name="user.timezone" value=""/>
    <property name="java.awt.printerjob" value="sun.print.PSPrinterJob"/>
    <property name="file.encoding" value="UTF-8"/>
    <property name="java.specification.version" value="1.8"/>
    <property name="user.name" value="qnambot"/>
    <property 
    name="java.class.path" value="/home/qnambot/Documents/workshops/smile-scala-spark/formation-smile-scala-spark/spark/target/test-classes:/home/qnambot/Documents/workshops/smile-scala-spark/formation-smile-scala-spark/spark/target/classes:/home/qnambot/.m2/repository/com/thoughtworks/paranamer/paranamer/2.8/paranamer-2.8.jar:/home/qnambot/.m2/repository/org/apache/spark/spark-core_2.11/2.4.0/spark-core_2.11-2.4.0.jar:/home/qnambot/.m2/repository/org/apache/avro/avro/1.8.2/avro-1.8.2.jar:/home/qnambot/.m2/repository/org/codehaus/jackson/jackson-core-asl/1.9.13/jackson-core-asl-1.9.13.jar:/home/qnambot/.m2/repository/org/apache/commons/commons-compress/1.8.1/commons-compress-1.8.1.jar:/home/qnambot/.m2/repository/org/tukaani/xz/1.5/xz-1.5.jar:/home/qnambot/.m2/repository/org/apache/avro/avro-mapred/1.8.2/avro-mapred-1.8.2-hadoop2.jar:/home/qnambot/.m2/repository/org/apache/avro/avro-ipc/1.8.2/avro-ipc-1.8.2.jar:/home/qnambot/.m2/repository/com/twitter/chill_2.11/0.9.3/chill_2.11-0.9.3.jar:/home/qnambot/.m2/repository/com/esotericsoftware/kryo-shaded/4.0.2/kryo-shaded-4.0.2.jar:/home/qnambot/.m2/repository/com/esotericsoftware/minlog/1.3.0/minlog-1.3.0.jar:/home/qnambot/.m2/repository/org/objenesis/objenesis/2.5.1/objenesis-2.5.1.jar:/home/qnambot/.m2/repository/com/twitter/chill-java/0.9.3/chill-java-0.9.3.jar:/home/qnambot/.m2/repository/org/apache/xbean/xbean-asm6-shaded/4.8/xbean-asm6-shaded-4.8.jar:/home/qnambot/.m2/repository/org/apache/hadoop/hadoop-client/2.6.5/hadoop-client-2.6.5.jar:/home/qnambot/.m2/repository/org/apache/hadoop/hadoop-common/2.6.5/hadoop-common-2.6.5.jar:/home/qnambot/.m2/repository/xmlenc/xmlenc/0.52/xmlenc-0.52.jar:/home/qnambot/.m2/repository/commons-collections/commons-collections/3.2.2/commons-collections-3.2.2.jar:/home/qnambot/.m2/repository/commons-configuration/commons-configuration/1.6/commons-configuration-1.6.jar:/home/qnambot/.m2/repository/commons-digester/commons-digester/1.8/commons-digester-1.8.jar:/home/qnambot/.m2/repository/commons-beanutils/commons-beanutils/1.7.0/commons-beanutils-1.7.0.jar:/home/qnambot/.m2/repository/commons-beanutils/commons-beanutils-core/1.8.0/commons-beanutils-core-1.8.0.jar:/home/qnambot/.m2/repository/com/google/code/gson/gson/2.2.4/gson-2.2.4.jar:/home/qnambot/.m2/repository/org/apache/hadoop/hadoop-auth/2.6.5/hadoop-auth-2.6.5.jar:/home/qnambot/.m2/repository/org/apache/directory/server/apacheds-kerberos-codec/2.0.0-M15/apacheds-kerberos-codec-2.0.0-M15.jar:/home/qnambot/.m2/repository/org/apache/directory/server/apacheds-i18n/2.0.0-M15/apacheds-i18n-2.0.0-M15.jar:/home/qnambot/.m2/repository/org/apache/directory/api/api-asn1-api/1.0.0-M20/api-asn1-api-1.0.0-M20.jar:/home/qnambot/.m2/repository/org/apache/directory/api/api-util/1.0.0-M20/api-util-1.0.0-M20.jar:/home/qnambot/.m2/repository/org/apache/curator/curator-client/2.6.0/curator-client-2.6.0.jar:/home/qnambot/.m2/repository/org/htrace/htrace-core/3.0.4/htrace-core-3.0.4.jar:/home/qnambot/.m2/repository/org/apache/hadoop/hadoop-hdfs/2.6.5/hadoop-hdfs-2.6.5.jar:/home/qnambot/.m2/repository/org/mortbay/jetty/jetty-util/6.1.26/jetty-util-6.1.26.jar:/home/qnambot/.m2/repository/xerces/xercesImpl/2.9.1/xercesImpl-2.9.1.jar:/home/qnambot/.m2/repository/xml-apis/xml-apis/1.3.04/xml-apis-1.3.04.jar:/home/qnambot/.m2/repository/org/apache/hadoop/hadoop-mapreduce-client-app/2.6.5/hadoop-mapreduce-client-app-2.6.5.jar:/home/qnambot/.m2/repository/org/apache/hadoop/hadoop-mapreduce-client-common/2.6.5/hadoop-mapreduce-client-common-2.6.5.jar:/home/qnambot/.m2/repository/org/apache/hadoop/hadoop-yarn-client/2.6.5/hadoop-yarn-client-2.6.5.jar:/home/qnambot/.m2/repository/org/apache/hadoop/hadoop-yarn-server-common/2.6.5/hadoop-yarn-server-common-2.6.5.jar:/home/qnambot/.m2/repository/org/apache/hadoop/hadoop-mapreduce-client-shuffle/2.6.5/hadoop-mapreduce-client-shuffle-2.6.5.jar:/home/qnambot/.m2/repository/org/apache/hadoop/hadoop-yarn-api/2.6.5/hadoop-yarn-api-2.6.5.jar:/home/qnambot/.m2/repository/org/apache/hadoop/hadoop-mapreduce-client-core/2.6.5/hadoop-mapreduce-client-core-2.6.5.jar:/home/qnambot/.m2/repository/org/apache/hadoop/hadoop-yarn-common/2.6.5/hadoop-yarn-common-2.6.5.jar:/home/qnambot/.m2/repository/javax/xml/bind/jaxb-api/2.2.2/jaxb-api-2.2.2.jar:/home/qnambot/.m2/repository/javax/xml/stream/stax-api/1.0-2/stax-api-1.0-2.jar:/home/qnambot/.m2/repository/org/codehaus/jackson/jackson-jaxrs/1.9.13/jackson-jaxrs-1.9.13.jar:/home/qnambot/.m2/repository/org/codehaus/jackson/jackson-xc/1.9.13/jackson-xc-1.9.13.jar:/home/qnambot/.m2/repository/org/apache/hadoop/hadoop-mapreduce-client-jobclient/2.6.5/hadoop-mapreduce-client-jobclient-2.6.5.jar:/home/qnambot/.m2/repository/org/apache/hadoop/hadoop-annotations/2.6.5/hadoop-annotations-2.6.5.jar:/home/qnambot/.m2/repository/org/apache/spark/spark-launcher_2.11/2.4.0/spark-launcher_2.11-2.4.0.jar:/home/qnambot/.m2/repository/org/apache/spark/spark-kvstore_2.11/2.4.0/spark-kvstore_2.11-2.4.0.jar:/home/qnambot/.m2/repository/org/fusesource/leveldbjni/leveldbjni-all/1.8/leveldbjni-all-1.8.jar:/home/qnambot/.m2/repository/com/fasterxml/jackson/core/jackson-core/2.6.7/jackson-core-2.6.7.jar:/home/qnambot/.m2/repository/com/fasterxml/jackson/core/jackson-annotations/2.6.7/jackson-annotations-2.6.7.jar:/home/qnambot/.m2/repository/org/apache/spark/spark-network-common_2.11/2.4.0/spark-network-common_2.11-2.4.0.jar:/home/qnambot/.m2/repository/org/apache/spark/spark-network-shuffle_2.11/2.4.0/spark-network-shuffle_2.11-2.4.0.jar:/home/qnambot/.m2/repository/org/apache/spark/spark-unsafe_2.11/2.4.0/spark-unsafe_2.11-2.4.0.jar:/home/qnambot/.m2/repository/javax/activation/activation/1.1.1/activation-1.1.1.jar:/home/qnambot/.m2/repository/org/apache/curator/curator-recipes/2.6.0/curator-recipes-2.6.0.jar:/home/qnambot/.m2/repository/org/apache/curator/curator-framework/2.6.0/curator-framework-2.6.0.jar:/home/qnambot/.m2/repository/com/google/guava/guava/16.0.1/guava-16.0.1.jar:/home/qnambot/.m2/repository/org/apache/zookeeper/zookeeper/3.4.6/zookeeper-3.4.6.jar:/home/qnambot/.m2/repository/javax/servlet/javax.servlet-api/3.1.0/javax.servlet-api-3.1.0.jar:/home/qnambot/.m2/repository/org/apache/commons/commons-lang3/3.5/commons-lang3-3.5.jar:/home/qnambot/.m2/repository/org/apache/commons/commons-math3/3.4.1/commons-math3-3.4.1.jar:/home/qnambot/.m2/repository/com/google/code/findbugs/jsr305/1.3.9/jsr305-1.3.9.jar:/home/qnambot/.m2/repository/org/slf4j/slf4j-api/1.7.16/slf4j-api-1.7.16.jar:/home/qnambot/.m2/repository/org/slf4j/jul-to-slf4j/1.7.16/jul-to-slf4j-1.7.16.jar:/home/qnambot/.m2/repository/org/slf4j/jcl-over-slf4j/1.7.16/jcl-over-slf4j-1.7.16.jar:/home/qnambot/.m2/repository/log4j/log4j/1.2.17/log4j-1.2.17.jar:/home/qnambot/.m2/repository/org/slf4j/slf4j-log4j12/1.7.16/slf4j-log4j12-1.7.16.jar:/home/qnambot/.m2/repository/com/ning/compress-lzf/1.0.3/compress-lzf-1.0.3.jar:/home/qnambot/.m2/repository/org/xerial/snappy/snappy-java/1.1.7.1/snappy-java-1.1.7.1.jar:/home/qnambot/.m2/repository/org/lz4/lz4-java/1.4.0/lz4-java-1.4.0.jar:/home/qnambot/.m2/repository/com/github/luben/zstd-jni/1.3.2-2/zstd-jni-1.3.2-2.jar:/home/qnambot/.m2/repository/org/roaringbitmap/RoaringBitmap/0.5.11/RoaringBitmap-0.5.11.jar:/home/qnambot/.m2/repository/commons-net/commons-net/3.1/commons-net-3.1.jar:/home/qnambot/.m2/repository/org/json4s/json4s-jackson_2.11/3.5.3/json4s-jackson_2.11-3.5.3.jar:/home/qnambot/.m2/repository/org/json4s/json4s-core_2.11/3.5.3/json4s-core_2.11-3.5.3.jar:/home/qnambot/.m2/repository/org/json4s/json4s-ast_2.11/3.5.3/json4s-ast_2.11-3.5.3.jar:/home/qnambot/.m2/repository/org/json4s/json4s-scalap_2.11/3.5.3/json4s-scalap_2.11-3.5.3.jar:/home/qnambot/.m2/repository/org/glassfish/jersey/core/jersey-client/2.22.2/jersey-client-2.22.2.jar:/home/qnambot/.m2/repository/javax/ws/rs/javax.ws.rs-api/2.0.1/javax.ws.rs-api-2.0.1.jar:/home/qnambot/.m2/repository/org/glassfish/hk2/hk2-api/2.4.0-b34/hk2-api-2.4.0-b34.jar:/home/qnambot/.m2/repository/org/glassfish/hk2/hk2-utils/2.4.0-b34/hk2-utils-2.4.0-b34.jar:/home/qnambot/.m2/repository/org/glassfish/hk2/external/aopalliance-repackaged/2.4.0-b34/aopalliance-repackaged-2.4.0-b34.jar:/home/qnambot/.m2/repository/org/glassfish/hk2/external/javax.inject/2.4.0-b34/javax.inject-2.4.0-b34.jar:/home/qnambot/.m2/repository/org/glassfish/hk2/hk2-locator/2.4.0-b34/hk2-locator-2.4.0-b34.jar:/home/qnambot/.m2/repository/org/javassist/javassist/3.18.1-GA/javassist-3.18.1-GA.jar:/home/qnambot/.m2/repository/org/glassfish/jersey/core/jersey-common/2.22.2/jersey-common-2.22.2.jar:/home/qnambot/.m2/repository/javax/annotation/javax.annotation-api/1.2/javax.annotation-api-1.2.jar:/home/qnambot/.m2/repository/org/glassfish/jersey/bundles/repackaged/jersey-guava/2.22.2/jersey-guava-2.22.2.jar:/home/qnambot/.m2/repository/org/glassfish/hk2/osgi-resource-locator/1.0.1/osgi-resource-locator-1.0.1.jar:/home/qnambot/.m2/repository/org/glassfish/jersey/core/jersey-server/2.22.2/jersey-server-2.22.2.jar:/home/qnambot/.m2/repository/org/glassfish/jersey/media/jersey-media-jaxb/2.22.2/jersey-media-jaxb-2.22.2.jar:/home/qnambot/.m2/repository/javax/validation/validation-api/1.1.0.Final/validation-api-1.1.0.Final.jar:/home/qnambot/.m2/repository/org/glassfish/jersey/containers/jersey-container-servlet/2.22.2/jersey-container-servlet-2.22.2.jar:/home/qnambot/.m2/repository/org/glassfish/jersey/containers/jersey-container-servlet-core/2.22.2/jersey-container-servlet-core-2.22.2.jar:/home/qnambot/.m2/repository/io/netty/netty-all/4.1.17.Final/netty-all-4.1.17.Final.jar:/home/qnambot/.m2/repository/io/netty/netty/3.9.9.Final/netty-3.9.9.Final.jar:/home/qnambot/.m2/repository/com/clearspring/analytics/stream/2.7.0/stream-2.7.0.jar:/home/qnambot/.m2/repository/io/dropwizard/metrics/metrics-core/3.1.5/metrics-core-3.1.5.jar:/home/qnambot/.m2/repository/io/dropwizard/metrics/metrics-jvm/3.1.5/metrics-jvm-3.1.5.jar:/home/qnambot/.m2/repository/io/dropwizard/metrics/metrics-json/3.1.5/metrics-json-3.1.5.jar:/home/qnambot/.m2/repository/io/dropwizard/metrics/metrics-graphite/3.1.5/metrics-graphite-3.1.5.jar:/home/qnambot/.m2/repository/com/fasterxml/jackson/core/jackson-databind/2.6.7.1/jackson-databind-2.6.7.1.jar:/home/qnambot/.m2/repository/com/fasterxml/jackson/module/jackson-module-scala_2.11/2.6.7.1/jackson-module-scala_2.11-2.6.7.1.jar:/home/qnambot/.m2/repository/com/fasterxml/jackson/module/jackson-module-paranamer/2.7.9/jackson-module-paranamer-2.7.9.jar:/home/qnambot/.m2/repository/org/apache/ivy/ivy/2.4.0/ivy-2.4.0.jar:/home/qnambot/.m2/repository/oro/oro/2.0.8/oro-2.0.8.jar:/home/qnambot/.m2/repository/net/razorvine/pyrolite/4.13/pyrolite-4.13.jar:/home/qnambot/.m2/repository/net/sf/py4j/py4j/0.10.7/py4j-0.10.7.jar:/home/qnambot/.m2/repository/org/apache/spark/spark-tags_2.11/2.4.0/spark-tags_2.11-2.4.0.jar:/home/qnambot/.m2/repository/org/apache/commons/commons-crypto/1.0.0/commons-crypto-1.0.0.jar:/home/qnambot/.m2/repository/org/spark-project/spark/unused/1.0.0/unused-1.0.0.jar:/home/qnambot/.m2/repository/org/apache/spark/spark-sql_2.11/2.4.0/spark-sql_2.11-2.4.0.jar:/home/qnambot/.m2/repository/com/univocity/univocity-parsers/2.7.3/univocity-parsers-2.7.3.jar:/home/qnambot/.m2/repository/org/apache/spark/spark-sketch_2.11/2.4.0/spark-sketch_2.11-2.4.0.jar:/home/qnambot/.m2/repository/org/apache/spark/spark-catalyst_2.11/2.4.0/spark-catalyst_2.11-2.4.0.jar:/home/qnambot/.m2/repository/org/scala-lang/modules/scala-parser-combinators_2.11/1.1.0/scala-parser-combinators_2.11-1.1.0.jar:/home/qnambot/.m2/repository/org/codehaus/janino/janino/3.0.9/janino-3.0.9.jar:/home/qnambot/.m2/repository/org/codehaus/janino/commons-compiler/3.0.9/commons-compiler-3.0.9.jar:/home/qnambot/.m2/repository/org/antlr/antlr4-runtime/4.7/antlr4-runtime-4.7.jar:/home/qnambot/.m2/repository/org/apache/orc/orc-core/1.5.2/orc-core-1.5.2-nohive.jar:/home/qnambot/.m2/repository/org/apache/orc/orc-shims/1.5.2/orc-shims-1.5.2.jar:/home/qnambot/.m2/repository/com/google/protobuf/protobuf-java/2.5.0/protobuf-java-2.5.0.jar:/home/qnambot/.m2/repository/commons-lang/commons-lang/2.6/commons-lang-2.6.jar:/home/qnambot/.m2/repository/io/airlift/aircompressor/0.10/aircompressor-0.10.jar:/home/qnambot/.m2/repository/org/apache/orc/orc-mapreduce/1.5.2/orc-mapreduce-1.5.2-nohive.jar:/home/qnambot/.m2/repository/org/apache/parquet/parquet-column/1.10.0/parquet-column-1.10.0.jar:/home/qnambot/.m2/repository/org/apache/parquet/parquet-common/1.10.0/parquet-common-1.10.0.jar:/home/qnambot/.m2/repository/org/apache/parquet/parquet-encoding/1.10.0/parquet-encoding-1.10.0.jar:/home/qnambot/.m2/repository/org/apache/parquet/parquet-hadoop/1.10.0/parquet-hadoop-1.10.0.jar:/home/qnambot/.m2/repository/org/apache/parquet/parquet-format/2.4.0/parquet-format-2.4.0.jar:/home/qnambot/.m2/repository/org/apache/parquet/parquet-jackson/1.10.0/parquet-jackson-1.10.0.jar:/home/qnambot/.m2/repository/org/apache/arrow/arrow-vector/0.10.0/arrow-vector-0.10.0.jar:/home/qnambot/.m2/repository/org/apache/arrow/arrow-format/0.10.0/arrow-format-0.10.0.jar:/home/qnambot/.m2/repository/org/apache/arrow/arrow-memory/0.10.0/arrow-memory-0.10.0.jar:/home/qnambot/.m2/repository/com/carrotsearch/hppc/0.7.2/hppc-0.7.2.jar:/home/qnambot/.m2/repository/com/vlkan/flatbuffers/1.2.0-3f79e055/flatbuffers-1.2.0-3f79e055.jar:/home/qnambot/.m2/repository/org/apache/spark/spark-hive_2.11/2.4.0/spark-hive_2.11-2.4.0.jar:/home/qnambot/.m2/repository/com/twitter/parquet-hadoop-bundle/1.6.0/parquet-hadoop-bundle-1.6.0.jar:/home/qnambot/.m2/repository/org/spark-project/hive/hive-exec/1.2.1.spark2/hive-exec-1.2.1.spark2.jar:/home/qnambot/.m2/repository/commons-io/commons-io/2.4/commons-io-2.4.jar:/home/qnambot/.m2/repository/javolution/javolution/5.5.1/javolution-5.5.1.jar:/home/qnambot/.m2/repository/log4j/apache-log4j-extras/1.2.17/apache-log4j-extras-1.2.17.jar:/home/qnambot/.m2/repository/org/antlr/antlr-runtime/3.4/antlr-runtime-3.4.jar:/home/qnambot/.m2/repository/org/antlr/stringtemplate/3.2.1/stringtemplate-3.2.1.jar:/home/qnambot/.m2/repository/antlr/antlr/2.7.7/antlr-2.7.7.jar:/home/qnambot/.m2/repository/org/antlr/ST4/4.0.4/ST4-4.0.4.jar:/home/qnambot/.m2/repository/com/googlecode/javaewah/JavaEWAH/0.3.2/JavaEWAH-0.3.2.jar:/home/qnambot/.m2/repository/org/iq80/snappy/snappy/0.2/snappy-0.2.jar:/home/qnambot/.m2/repository/stax/stax-api/1.0.1/stax-api-1.0.1.jar:/home/qnambot/.m2/repository/net/sf/opencsv/opencsv/2.3/opencsv-2.3.jar:/home/qnambot/.m2/repository/org/spark-project/hive/hive-metastore/1.2.1.spark2/hive-metastore-1.2.1.spark2.jar:/home/qnambot/.m2/repository/com/jolbox/bonecp/0.8.0.RELEASE/bonecp-0.8.0.RELEASE.jar:/home/qnambot/.m2/repository/commons-cli/commons-cli/1.2/commons-cli-1.2.jar:/home/qnambot/.m2/repository/commons-logging/commons-logging/1.1.3/commons-logging-1.1.3.jar:/home/qnambot/.m2/repository/org/datanucleus/datanucleus-api-jdo/3.2.6/datanucleus-api-jdo-3.2.6.jar:/home/qnambot/.m2/repository/org/datanucleus/datanucleus-rdbms/3.2.9/datanucleus-rdbms-3.2.9.jar:/home/qnambot/.m2/repository/commons-pool/commons-pool/1.5.4/commons-pool-1.5.4.jar:/home/qnambot/.m2/repository/commons-dbcp/commons-dbcp/1.4/commons-dbcp-1.4.jar:/home/qnambot/.m2/repository/javax/jdo/jdo-api/3.0.1/jdo-api-3.0.1.jar:/home/qnambot/.m2/repository/javax/transaction/jta/1.1/jta-1.1.jar:/home/qnambot/.m2/repository/commons-httpclient/commons-httpclient/3.1/commons-httpclient-3.1.jar:/home/qnambot/.m2/repository/org/apache/calcite/calcite-avatica/1.2.0-incubating/calcite-avatica-1.2.0-incubating.jar:/home/qnambot/.m2/repository/org/apache/calcite/calcite-core/1.2.0-incubating/calcite-core-1.2.0-incubating.jar:/home/qnambot/.m2/repository/org/apache/calcite/calcite-linq4j/1.2.0-incubating/calcite-linq4j-1.2.0-incubating.jar:/home/qnambot/.m2/repository/net/hydromatic/eigenbase-properties/1.1.5/eigenbase-properties-1.1.5.jar:/home/qnambot/.m2/repository/org/apache/httpcomponents/httpclient/4.5.6/httpclient-4.5.6.jar:/home/qnambot/.m2/repository/org/apache/httpcomponents/httpcore/4.4.10/httpcore-4.4.10.jar:/home/qnambot/.m2/repository/org/codehaus/jackson/jackson-mapper-asl/1.9.13/jackson-mapper-asl-1.9.13.jar:/home/qnambot/.m2/repository/commons-codec/commons-codec/1.10/commons-codec-1.10.jar:/home/qnambot/.m2/repository/joda-time/joda-time/2.9.3/joda-time-2.9.3.jar:/home/qnambot/.m2/repository/org/jodd/jodd-core/3.5.2/jodd-core-3.5.2.jar:/home/qnambot/.m2/repository/org/datanucleus/datanucleus-core/3.2.10/datanucleus-core-3.2.10.jar:/home/qnambot/.m2/repository/org/apache/thrift/libthrift/0.9.3/libthrift-0.9.3.jar:/home/qnambot/.m2/repository/org/apache/thrift/libfb303/0.9.3/libfb303-0.9.3.jar:/home/qnambot/.m2/repository/org/apache/derby/derby/10.12.1.1/derby-10.12.1.1.jar:/home/qnambot/.m2/repository/org/scala-lang/scala-library/2.11.8/scala-library-2.11.8.jar:/home/qnambot/.m2/repository/org/scalactic/scalactic_2.11/3.0.5/scalactic_2.11-3.0.5.jar:/home/qnambot/.m2/repository/org/scala-lang/scala-reflect/2.11.12/scala-reflect-2.11.12.jar:/home/qnambot/.m2/repository/org/scalatest/scalatest_2.11/3.0.5/scalatest_2.11-3.0.5.jar:/home/qnambot/.m2/repository/org/scala-lang/modules/scala-xml_2.11/1.0.6/scala-xml_2.11-1.0.6.jar:/home/qnambot/.m2/repository/org/jacoco/org.jacoco.agent/0.8.1/org.jacoco.agent-0.8.1-runtime.jar">
</property>
    <property name="java.vm.specification.version" value="1.8"/>
    <property name="sun.arch.data.model" value="64"/>
    <property name="java.home" value="/usr/lib/jvm/java-8-openjdk-amd64/jre"/>
    <property 
    name="sun.java.command" value="org.scalatest.tools.Runner -R /home/qnambot/Documents/workshops/smile-scala-spark/formation-smile-scala-spark/spark/target/classes /home/qnambot/Documents/workshops/smile-scala-spark/formation-smile-scala-spark/spark/target/test-classes -o -f /home/qnambot/Documents/workshops/smile-scala-spark/formation-smile-scala-spark/spark/target/scalatest-reports/report.txt -u /home/qnambot/Documents/workshops/smile-scala-spark/formation-smile-scala-spark/spark/target/scalatest-reports/junit">
</property>
    <property name="java.specification.vendor" value="Oracle Corporation"/>
    <property name="user.language" value="en"/>
    <property name="awt.toolkit" value="sun.awt.X11.XToolkit"/>
    <property name="java.vm.info" value="mixed mode"/>
    <property name="java.version" value="1.8.0_222"/>
    <property 
    name="java.ext.dirs" value="/usr/lib/jvm/java-8-openjdk-amd64/jre/lib/ext:/usr/java/packages/lib/ext">
</property>
    <property 
    name="sun.boot.class.path" value="/usr/lib/jvm/java-8-openjdk-amd64/jre/lib/resources.jar:/usr/lib/jvm/java-8-openjdk-amd64/jre/lib/rt.jar:/usr/lib/jvm/java-8-openjdk-amd64/jre/lib/sunrsasign.jar:/usr/lib/jvm/java-8-openjdk-amd64/jre/lib/jsse.jar:/usr/lib/jvm/java-8-openjdk-amd64/jre/lib/jce.jar:/usr/lib/jvm/java-8-openjdk-amd64/jre/lib/charsets.jar:/usr/lib/jvm/java-8-openjdk-amd64/jre/lib/jfr.jar:/usr/lib/jvm/java-8-openjdk-amd64/jre/classes">
</property>
    <property name="java.vendor" value="Private Build"/>
    <property name="file.separator" value="/"/>
    <property 
    name="java.vendor.url.bug" value="http://bugreport.sun.com/bugreport/">
</property>
    <property name="sun.cpu.endian" value="little"/>
    <property name="sun.io.unicode.encoding" value="UnicodeLittle"/>
    <property name="sun.desktop" value="gnome"/>
    <property name="sun.cpu.isalist" value=""/>
  </properties>
  <testcase 
  name="groupByChannel should group and count videos by channel" classname="fr.smile.Exo3Spec" time="0.432">
    <failure 
    message="Field &quot;total_videos&quot; does not exist.&amp;#010;Available fields: channel_title, video_title" type="class java.lang.IllegalArgumentException">
      java.lang.IllegalArgumentException: Field &quot;total_videos&quot; does not exist.
Available fields: channel_title, video_title
      at org.apache.spark.sql.types.StructType$$anonfun$fieldIndex$1.apply(StructType.scala:303)
      at org.apache.spark.sql.types.StructType$$anonfun$fieldIndex$1.apply(StructType.scala:303)
      at scala.collection.MapLike$class.getOrElse(MapLike.scala:128)
      at scala.collection.AbstractMap.getOrElse(Map.scala:59)
      at org.apache.spark.sql.types.StructType.fieldIndex(StructType.scala:302)
      at org.apache.spark.sql.catalyst.expressions.GenericRowWithSchema.fieldIndex(rows.scala:187)
      at org.apache.spark.sql.Row$class.getAs(Row.scala:333)
      at org.apache.spark.sql.catalyst.expressions.GenericRow.getAs(rows.scala:166)
      at fr.smile.Exo3Spec$$anonfun$1$$anonfun$apply$mcV$sp$1.apply(Exo3Spec.scala:18)
      at fr.smile.Exo3Spec$$anonfun$1$$anonfun$apply$mcV$sp$1.apply(Exo3Spec.scala:8)
      at fr.smile.SparkSessionSupport$class.withSparkSession(SparkSessionSupport.scala:13)
      at fr.smile.Exo3Spec.withSparkSession(Exo3Spec.scala:5)
      at fr.smile.Exo3Spec$$anonfun$1.apply$mcV$sp(Exo3Spec.scala:7)
      at fr.smile.Exo3Spec$$anonfun$1.apply(Exo3Spec.scala:7)
      at fr.smile.Exo3Spec$$anonfun$1.apply(Exo3Spec.scala:7)
      at org.scalatest.OutcomeOf$class.outcomeOf(OutcomeOf.scala:85)
      at org.scalatest.OutcomeOf$.outcomeOf(OutcomeOf.scala:104)
      at org.scalatest.Transformer.apply(Transformer.scala:22)
      at org.scalatest.Transformer.apply(Transformer.scala:20)
      at org.scalatest.FlatSpecLike$$anon$1.apply(FlatSpecLike.scala:1682)
      at org.scalatest.TestSuite$class.withFixture(TestSuite.scala:196)
      at org.scalatest.FlatSpec.withFixture(FlatSpec.scala:1685)
      at org.scalatest.FlatSpecLike$class.invokeWithFixture$1(FlatSpecLike.scala:1679)
      at org.scalatest.FlatSpecLike$$anonfun$runTest$1.apply(FlatSpecLike.scala:1692)
      at org.scalatest.FlatSpecLike$$anonfun$runTest$1.apply(FlatSpecLike.scala:1692)
      at org.scalatest.SuperEngine.runTestImpl(Engine.scala:289)
      at org.scalatest.FlatSpecLike$class.runTest(FlatSpecLike.scala:1692)
      at org.scalatest.FlatSpec.runTest(FlatSpec.scala:1685)
      at org.scalatest.FlatSpecLike$$anonfun$runTests$1.apply(FlatSpecLike.scala:1750)
      at org.scalatest.FlatSpecLike$$anonfun$runTests$1.apply(FlatSpecLike.scala:1750)
      at org.scalatest.SuperEngine$$anonfun$traverseSubNodes$1$1.apply(Engine.scala:396)
      at org.scalatest.SuperEngine$$anonfun$traverseSubNodes$1$1.apply(Engine.scala:384)
      at scala.collection.immutable.List.foreach(List.scala:381)
      at org.scalatest.SuperEngine.traverseSubNodes$1(Engine.scala:384)
      at org.scalatest.SuperEngine.org$scalatest$SuperEngine$$runTestsInBranch(Engine.scala:373)
      at org.scalatest.SuperEngine$$anonfun$traverseSubNodes$1$1.apply(Engine.scala:410)
      at org.scalatest.SuperEngine$$anonfun$traverseSubNodes$1$1.apply(Engine.scala:384)
      at scala.collection.immutable.List.foreach(List.scala:381)
      at org.scalatest.SuperEngine.traverseSubNodes$1(Engine.scala:384)
      at org.scalatest.SuperEngine.org$scalatest$SuperEngine$$runTestsInBranch(Engine.scala:379)
      at org.scalatest.SuperEngine.runTestsImpl(Engine.scala:461)
      at org.scalatest.FlatSpecLike$class.runTests(FlatSpecLike.scala:1750)
      at org.scalatest.FlatSpec.runTests(FlatSpec.scala:1685)
      at org.scalatest.Suite$class.run(Suite.scala:1147)
      at org.scalatest.FlatSpec.org$scalatest$FlatSpecLike$$super$run(FlatSpec.scala:1685)
      at org.scalatest.FlatSpecLike$$anonfun$run$1.apply(FlatSpecLike.scala:1795)
      at org.scalatest.FlatSpecLike$$anonfun$run$1.apply(FlatSpecLike.scala:1795)
      at org.scalatest.SuperEngine.runImpl(Engine.scala:521)
      at org.scalatest.FlatSpecLike$class.run(FlatSpecLike.scala:1795)
      at org.scalatest.FlatSpec.run(FlatSpec.scala:1685)
      at org.scalatest.Suite$class.callExecuteOnSuite$1(Suite.scala:1210)
      at org.scalatest.Suite$$anonfun$runNestedSuites$1.apply(Suite.scala:1257)
      at org.scalatest.Suite$$anonfun$runNestedSuites$1.apply(Suite.scala:1255)
      at scala.collection.IndexedSeqOptimized$class.foreach(IndexedSeqOptimized.scala:33)
      at scala.collection.mutable.ArrayOps$ofRef.foreach(ArrayOps.scala:186)
      at org.scalatest.Suite$class.runNestedSuites(Suite.scala:1255)
      at org.scalatest.tools.DiscoverySuite.runNestedSuites(DiscoverySuite.scala:30)
      at org.scalatest.Suite$class.run(Suite.scala:1144)
      at org.scalatest.tools.DiscoverySuite.run(DiscoverySuite.scala:30)
      at org.scalatest.tools.SuiteRunner.run(SuiteRunner.scala:45)
      at org.scalatest.tools.Runner$$anonfun$doRunRunRunDaDoRunRun$1.apply(Runner.scala:1346)
      at org.scalatest.tools.Runner$$anonfun$doRunRunRunDaDoRunRun$1.apply(Runner.scala:1340)
      at scala.collection.immutable.List.foreach(List.scala:381)
      at org.scalatest.tools.Runner$.doRunRunRunDaDoRunRun(Runner.scala:1340)
      at org.scalatest.tools.Runner$$anonfun$runOptionallyWithPassFailReporter$2.apply(Runner.scala:1011)
      at org.scalatest.tools.Runner$$anonfun$runOptionallyWithPassFailReporter$2.apply(Runner.scala:1010)
      at org.scalatest.tools.Runner$.withClassLoaderAndDispatchReporter(Runner.scala:1506)
      at org.scalatest.tools.Runner$.runOptionallyWithPassFailReporter(Runner.scala:1010)
      at org.scalatest.tools.Runner$.main(Runner.scala:827)
      at org.scalatest.tools.Runner.main(Runner.scala)
</failure>
</testcase>
  <testcase 
  name="sortVideos should sort videos descendant" classname="fr.smile.Exo3Spec" time="0.342">
    <failure 
    message="&quot;[cyprien]&quot; was not equal to &quot;[mcfly&amp;carlito]&quot;" type="class org.scalatest.exceptions.TestFailedException">
      org.scalatest.exceptions.TestFailedException: &quot;[cyprien]&quot; was not equal to &quot;[mcfly&amp;carlito]&quot;
      at org.scalatest.MatchersHelper$.indicateFailure(MatchersHelper.scala:346)
      at org.scalatest.Matchers$AnyShouldWrapper.shouldBe(Matchers.scala:6864)
      at fr.smile.Exo3Spec$$anonfun$2$$anonfun$apply$mcV$sp$2.apply(Exo3Spec.scala:35)
      at fr.smile.Exo3Spec$$anonfun$2$$anonfun$apply$mcV$sp$2.apply(Exo3Spec.scala:24)
      at fr.smile.SparkSessionSupport$class.withSparkSession(SparkSessionSupport.scala:13)
      at fr.smile.Exo3Spec.withSparkSession(Exo3Spec.scala:5)
      at fr.smile.Exo3Spec$$anonfun$2.apply$mcV$sp(Exo3Spec.scala:23)
      at fr.smile.Exo3Spec$$anonfun$2.apply(Exo3Spec.scala:23)
      at fr.smile.Exo3Spec$$anonfun$2.apply(Exo3Spec.scala:23)
      at org.scalatest.OutcomeOf$class.outcomeOf(OutcomeOf.scala:85)
      at org.scalatest.OutcomeOf$.outcomeOf(OutcomeOf.scala:104)
      at org.scalatest.Transformer.apply(Transformer.scala:22)
      at org.scalatest.Transformer.apply(Transformer.scala:20)
      at org.scalatest.FlatSpecLike$$anon$1.apply(FlatSpecLike.scala:1682)
      at org.scalatest.TestSuite$class.withFixture(TestSuite.scala:196)
      at org.scalatest.FlatSpec.withFixture(FlatSpec.scala:1685)
      at org.scalatest.FlatSpecLike$class.invokeWithFixture$1(FlatSpecLike.scala:1679)
      at org.scalatest.FlatSpecLike$$anonfun$runTest$1.apply(FlatSpecLike.scala:1692)
      at org.scalatest.FlatSpecLike$$anonfun$runTest$1.apply(FlatSpecLike.scala:1692)
      at org.scalatest.SuperEngine.runTestImpl(Engine.scala:289)
      at org.scalatest.FlatSpecLike$class.runTest(FlatSpecLike.scala:1692)
      at org.scalatest.FlatSpec.runTest(FlatSpec.scala:1685)
      at org.scalatest.FlatSpecLike$$anonfun$runTests$1.apply(FlatSpecLike.scala:1750)
      at org.scalatest.FlatSpecLike$$anonfun$runTests$1.apply(FlatSpecLike.scala:1750)
      at org.scalatest.SuperEngine$$anonfun$traverseSubNodes$1$1.apply(Engine.scala:396)
      at org.scalatest.SuperEngine$$anonfun$traverseSubNodes$1$1.apply(Engine.scala:384)
      at scala.collection.immutable.List.foreach(List.scala:381)
      at org.scalatest.SuperEngine.traverseSubNodes$1(Engine.scala:384)
      at org.scalatest.SuperEngine.org$scalatest$SuperEngine$$runTestsInBranch(Engine.scala:373)
      at org.scalatest.SuperEngine$$anonfun$traverseSubNodes$1$1.apply(Engine.scala:410)
      at org.scalatest.SuperEngine$$anonfun$traverseSubNodes$1$1.apply(Engine.scala:384)
      at scala.collection.immutable.List.foreach(List.scala:381)
      at org.scalatest.SuperEngine.traverseSubNodes$1(Engine.scala:384)
      at org.scalatest.SuperEngine.org$scalatest$SuperEngine$$runTestsInBranch(Engine.scala:379)
      at org.scalatest.SuperEngine.runTestsImpl(Engine.scala:461)
      at org.scalatest.FlatSpecLike$class.runTests(FlatSpecLike.scala:1750)
      at org.scalatest.FlatSpec.runTests(FlatSpec.scala:1685)
      at org.scalatest.Suite$class.run(Suite.scala:1147)
      at org.scalatest.FlatSpec.org$scalatest$FlatSpecLike$$super$run(FlatSpec.scala:1685)
      at org.scalatest.FlatSpecLike$$anonfun$run$1.apply(FlatSpecLike.scala:1795)
      at org.scalatest.FlatSpecLike$$anonfun$run$1.apply(FlatSpecLike.scala:1795)
      at org.scalatest.SuperEngine.runImpl(Engine.scala:521)
      at org.scalatest.FlatSpecLike$class.run(FlatSpecLike.scala:1795)
      at org.scalatest.FlatSpec.run(FlatSpec.scala:1685)
      at org.scalatest.Suite$class.callExecuteOnSuite$1(Suite.scala:1210)
      at org.scalatest.Suite$$anonfun$runNestedSuites$1.apply(Suite.scala:1257)
      at org.scalatest.Suite$$anonfun$runNestedSuites$1.apply(Suite.scala:1255)
      at scala.collection.IndexedSeqOptimized$class.foreach(IndexedSeqOptimized.scala:33)
      at scala.collection.mutable.ArrayOps$ofRef.foreach(ArrayOps.scala:186)
      at org.scalatest.Suite$class.runNestedSuites(Suite.scala:1255)
      at org.scalatest.tools.DiscoverySuite.runNestedSuites(DiscoverySuite.scala:30)
      at org.scalatest.Suite$class.run(Suite.scala:1144)
      at org.scalatest.tools.DiscoverySuite.run(DiscoverySuite.scala:30)
      at org.scalatest.tools.SuiteRunner.run(SuiteRunner.scala:45)
      at org.scalatest.tools.Runner$$anonfun$doRunRunRunDaDoRunRun$1.apply(Runner.scala:1346)
      at org.scalatest.tools.Runner$$anonfun$doRunRunRunDaDoRunRun$1.apply(Runner.scala:1340)
      at scala.collection.immutable.List.foreach(List.scala:381)
      at org.scalatest.tools.Runner$.doRunRunRunDaDoRunRun(Runner.scala:1340)
      at org.scalatest.tools.Runner$$anonfun$runOptionallyWithPassFailReporter$2.apply(Runner.scala:1011)
      at org.scalatest.tools.Runner$$anonfun$runOptionallyWithPassFailReporter$2.apply(Runner.scala:1010)
      at org.scalatest.tools.Runner$.withClassLoaderAndDispatchReporter(Runner.scala:1506)
      at org.scalatest.tools.Runner$.runOptionallyWithPassFailReporter(Runner.scala:1010)
      at org.scalatest.tools.Runner$.main(Runner.scala:827)
      at org.scalatest.tools.Runner.main(Runner.scala)
</failure>
</testcase>
  <system-out><![CDATA[]]></system-out>
  <system-err><![CDATA[]]></system-err>
</testsuite>
